Making all in src
make[1]: Entering directory '/home/CarterBloop/slugcoin/src'
make[2]: Entering directory '/home/CarterBloop/slugcoin/src'
  CXX      support/libbitcoinconsensus_la-cleanse.lo
  CXX      crypto/libbitcoinconsensus_la-aes.lo
  CXX      crypto/libbitcoinconsensus_la-chacha_poly_aead.lo
make[3]: Entering directory '/home/CarterBloop/slugcoin'
make[3]: Leaving directory '/home/CarterBloop/slugcoin'
  CXX      crypto/libbitcoinconsensus_la-chacha20.lo
  CXX      crypto/libbitcoinconsensus_la-hkdf_sha256_32.lo
  CXX      crypto/libbitcoinconsensus_la-hmac_sha256.lo
  CXX      crypto/libbitcoinconsensus_la-hmac_sha512.lo
  CXX      crypto/libbitcoinconsensus_la-poly1305.lo
  CXX      crypto/libbitcoinconsensus_la-ripemd160.lo
  CXX      crypto/libbitcoinconsensus_la-scrypt.lo
crypto/scrypt.cpp:192:68: warning: ‘no_sanitize’ attribute directive ignored [-Wattributes]
 static inline void xor_salsa8(uint32_t B[16], const uint32_t Bx[16])
                                                                    ^
  CXX      crypto/libbitcoinconsensus_la-scrypt-sse2.lo
  CXX      crypto/libbitcoinconsensus_la-sha1.lo
  CXX      crypto/libbitcoinconsensus_la-sha256.lo
  CXX      crypto/libbitcoinconsensus_la-sha3.lo
  CXX      crypto/libbitcoinconsensus_la-sha512.lo
  CXX      crypto/libbitcoinconsensus_la-siphash.lo
  CXX      libmw/src/crypto/libbitcoinconsensus_la-Hasher.lo
  CXX      crypto/libbitcoinconsensus_la-sha256_sse4.lo
  CXX      libbitcoinconsensus_la-arith_uint256.lo
  CXX      consensus/libbitcoinconsensus_la-merkle.lo
  CXX      consensus/libbitcoinconsensus_la-tx_check.lo
  CXX      libbitcoinconsensus_la-hash.lo
  CXX      primitives/libbitcoinconsensus_la-block.lo
  CXX      primitives/libbitcoinconsensus_la-transaction.lo
  CXX      libbitcoinconsensus_la-pubkey.lo
  CXX      script/libbitcoinconsensus_la-bitcoinconsensus.lo
  CXX      script/libbitcoinconsensus_la-interpreter.lo
  CXX      script/libbitcoinconsensus_la-script.lo
  CXX      script/libbitcoinconsensus_la-script_error.lo
  CXX      libbitcoinconsensus_la-uint256.lo
  CXX      util/libbitcoinconsensus_la-strencodings.lo
make[3]: Entering directory '/home/CarterBloop/slugcoin/src/secp256k1-zkp'
gcc -I. -g -O2 -Wall -Wextra -Wno-unused-function -c src/gen_context.c -o gen_context.o
gcc gen_context.o -o gen_context
./gen_context
  CC       src/libsecp256k1_la-secp256k1.lo
  CCLD     libsecp256k1.la
/usr/bin/ar: `u' modifier ignored since `D' is the default (see `U')
make[3]: Leaving directory '/home/CarterBloop/slugcoin/src/secp256k1-zkp'
  CXXLD    libbitcoinconsensus.la
/usr/bin/ar: `u' modifier ignored since `D' is the default (see `U')
  CXX      slugcoind-bitcoind.o
  CXX      libbitcoin_server_a-addrdb.o
  CXX      libbitcoin_server_a-addrman.o
  CXX      libbitcoin_server_a-banman.o
  CXX      libbitcoin_server_a-blockencodings.o
  CXX      libbitcoin_server_a-blockfilter.o
  CXX      libbitcoin_server_a-chain.o
  CXX      consensus/libbitcoin_server_a-tx_verify.o
  CXX      libbitcoin_server_a-dbwrapper.o
  CXX      libbitcoin_server_a-flatfile.o
  CXX      libbitcoin_server_a-httprpc.o
  CXX      libbitcoin_server_a-httpserver.o
  CXX      index/libbitcoin_server_a-base.o
  CXX      index/libbitcoin_server_a-blockfilterindex.o
  CXX      index/libbitcoin_server_a-txindex.o
  CXX      libbitcoin_server_a-init.o
  CXX      interfaces/libbitcoin_server_a-chain.o
  CXX      interfaces/libbitcoin_server_a-node.o
  CXX      libbitcoin_server_a-miner.o
  CXX      mweb/libbitcoin_server_a-mweb_miner.o
  CXX      mweb/libbitcoin_server_a-mweb_node.o
  CXX      libbitcoin_server_a-net.o
  CXX      libbitcoin_server_a-net_processing.o
  CXX      node/libbitcoin_server_a-coin.o
  CXX      node/libbitcoin_server_a-coinstats.o
  CXX      node/libbitcoin_server_a-context.o
  CXX      node/libbitcoin_server_a-psbt.o
  CXX      node/libbitcoin_server_a-transaction.o
  CXX      node/libbitcoin_server_a-ui_interface.o
  CXX      libbitcoin_server_a-noui.o
  CXX      policy/libbitcoin_server_a-fees.o
  CXX      policy/libbitcoin_server_a-rbf.o
  CXX      policy/libbitcoin_server_a-settings.o
  CXX      libbitcoin_server_a-pow.o
  CXX      libbitcoin_server_a-rest.o
  CXX      rpc/libbitcoin_server_a-blockchain.o
  CXX      rpc/libbitcoin_server_a-mining.o
  CXX      rpc/libbitcoin_server_a-misc.o
  CXX      rpc/libbitcoin_server_a-net.o
  CXX      rpc/libbitcoin_server_a-rawtransaction.o
  CXX      rpc/libbitcoin_server_a-server.o
  CXX      script/libbitcoin_server_a-sigcache.o
  CXX      libbitcoin_server_a-shutdown.o
  CXX      libbitcoin_server_a-signet.o
  CXX      libbitcoin_server_a-timedata.o
  CXX      libbitcoin_server_a-torcontrol.o
  CXX      libbitcoin_server_a-txdb.o
  CXX      libbitcoin_server_a-txrequest.o
  CXX      libbitcoin_server_a-txmempool.o
  CXX      libbitcoin_server_a-validation.o
  CXX      libbitcoin_server_a-validationinterface.o
  CXX      libbitcoin_server_a-versionbits.o
  CXX      wallet/libbitcoin_server_a-init.o
  AR       libbitcoin_server.a
  CXX      mweb/libbitcoin_wallet_a-mweb_transact.o
  CXX      mweb/libbitcoin_wallet_a-mweb_wallet.o
  CXX      interfaces/libbitcoin_wallet_a-wallet.o
  CXX      wallet/libbitcoin_wallet_a-bdb.o
  CXX      wallet/libbitcoin_wallet_a-coincontrol.o
  CXX      wallet/libbitcoin_wallet_a-context.o
  CXX      wallet/libbitcoin_wallet_a-crypter.o
  CXX      wallet/libbitcoin_wallet_a-db.o
  CXX      wallet/libbitcoin_wallet_a-feebumper.o
  CXX      wallet/libbitcoin_wallet_a-fees.o
  CXX      wallet/libbitcoin_wallet_a-load.o
  CXX      wallet/libbitcoin_wallet_a-reserve.o
  CXX      wallet/libbitcoin_wallet_a-rpcdump.o
  CXX      wallet/libbitcoin_wallet_a-rpcwallet.o
  CXX      wallet/libbitcoin_wallet_a-salvage.o
  CXX      wallet/libbitcoin_wallet_a-scriptpubkeyman.o
  CXX      wallet/libbitcoin_wallet_a-txassembler.o
  CXX      wallet/libbitcoin_wallet_a-txlist.o
  CXX      wallet/libbitcoin_wallet_a-txrecord.o
  CXX      wallet/libbitcoin_wallet_a-wallet.o
  CXX      wallet/libbitcoin_wallet_a-walletdb.o
  CXX      wallet/libbitcoin_wallet_a-walletutil.o
  CXX      wallet/libbitcoin_wallet_a-coinselection.o
  CXX      wallet/libbitcoin_wallet_a-sqlite.o
  AR       libbitcoin_wallet.a
  CXX      libbitcoin_common_a-base58.o
  CXX      libbitcoin_common_a-bech32.o
  CXX      libbitcoin_common_a-bloom.o
  CXX      libbitcoin_common_a-chainparams.o
  CXX      libbitcoin_common_a-coins.o
  CXX      libbitcoin_common_a-compressor.o
  CXX      libbitcoin_common_a-core_read.o
  CXX      libbitcoin_common_a-core_write.o
  CXX      libbitcoin_common_a-key.o
  CXX      libbitcoin_common_a-key_io.o
  CXX      libbitcoin_common_a-merkleblock.o
  CXX      mweb/libbitcoin_common_a-mweb_policy.o
  CXX      libbitcoin_common_a-netaddress.o
  CXX      libbitcoin_common_a-netbase.o
  CXX      libbitcoin_common_a-net_permissions.o
  CXX      libbitcoin_common_a-outputtype.o
  CXX      policy/libbitcoin_common_a-feerate.o
  CXX      policy/libbitcoin_common_a-policy.o
  CXX      libbitcoin_common_a-protocol.o
  CXX      libbitcoin_common_a-psbt.o
  CXX      rpc/libbitcoin_common_a-rawtransaction_util.o
  CXX      rpc/libbitcoin_common_a-util.o
  CXX      libbitcoin_common_a-scheduler.o
  CXX      script/libbitcoin_common_a-address.o
  CXX      script/libbitcoin_common_a-descriptor.o
  CXX      script/libbitcoin_common_a-sign.o
  CXX      script/libbitcoin_common_a-signingprovider.o
  CXX      script/libbitcoin_common_a-standard.o
  CXX      libbitcoin_common_a-versionbitsinfo.o
  CXX      libbitcoin_common_a-warnings.o
  AR       libbitcoin_common.a
  CXX      support/libbitcoin_util_a-lockedpool.o
  CXX      libbitcoin_util_a-chainparamsbase.o
  CXX      libbitcoin_util_a-clientversion.o
  CXX      compat/libbitcoin_util_a-glibc_sanity.o
  CXX      compat/libbitcoin_util_a-glibcxx_sanity.o
  CXX      compat/libbitcoin_util_a-strnlen.o
  CXX      libbitcoin_util_a-fs.o
  CXX      interfaces/libbitcoin_util_a-handler.o
  CXX      libbitcoin_util_a-logging.o
  CXX      libbitcoin_util_a-random.o
  CXX      libbitcoin_util_a-randomenv.o
  CXX      rpc/libbitcoin_util_a-request.o
  CXX      support/libbitcoin_util_a-cleanse.o
  CXX      libbitcoin_util_a-sync.o
  CXX      libbitcoin_util_a-threadinterrupt.o
  CXX      util/libbitcoin_util_a-asmap.o
  CXX      util/libbitcoin_util_a-bip32.o
  CXX      util/libbitcoin_util_a-bytevectorhash.o
  CXX      util/libbitcoin_util_a-error.o
  CXX      util/libbitcoin_util_a-fees.o
  CXX      util/libbitcoin_util_a-system.o
  CXX      util/libbitcoin_util_a-message.o
  CXX      util/libbitcoin_util_a-moneystr.o
  CXX      util/libbitcoin_util_a-rbf.o
  CXX      util/libbitcoin_util_a-settings.o
  CXX      util/libbitcoin_util_a-threadnames.o
  CXX      util/libbitcoin_util_a-spanparsing.o
  CXX      util/libbitcoin_util_a-strencodings.o
  CXX      util/libbitcoin_util_a-string.o
  CXX      util/libbitcoin_util_a-time.o
  CXX      util/libbitcoin_util_a-url.o
  AR       libbitcoin_util.a
make[3]: Entering directory '/home/CarterBloop/slugcoin/src/univalue'
  CXX      lib/libunivalue_la-univalue.lo
  CXX      lib/libunivalue_la-univalue_get.lo
  CXX      lib/libunivalue_la-univalue_read.lo
  CXX      lib/libunivalue_la-univalue_write.lo
  CXXLD    libunivalue.la
ar: `u' modifier ignored since `D' is the default (see `U')
make[3]: Leaving directory '/home/CarterBloop/slugcoin/src/univalue'
  CXX      zmq/libbitcoin_zmq_a-zmqabstractnotifier.o
  CXX      zmq/libbitcoin_zmq_a-zmqnotificationinterface.o
  CXX      zmq/libbitcoin_zmq_a-zmqpublishnotifier.o
  CXX      zmq/libbitcoin_zmq_a-zmqrpc.o
  CXX      zmq/libbitcoin_zmq_a-zmqutil.o
  AR       libbitcoin_zmq.a
  CXX      libbitcoin_consensus_a-arith_uint256.o
  CXX      consensus/libbitcoin_consensus_a-merkle.o
  CXX      consensus/libbitcoin_consensus_a-tx_check.o
  CXX      libbitcoin_consensus_a-hash.o
  CXX      primitives/libbitcoin_consensus_a-block.o
  CXX      primitives/libbitcoin_consensus_a-transaction.o
  CXX      libbitcoin_consensus_a-pubkey.o
  CXX      script/libbitcoin_consensus_a-bitcoinconsensus.o
  CXX      script/libbitcoin_consensus_a-interpreter.o
  CXX      script/libbitcoin_consensus_a-script.o
  CXX      script/libbitcoin_consensus_a-script_error.o
  CXX      libbitcoin_consensus_a-uint256.o
  CXX      util/libbitcoin_consensus_a-strencodings.o
  AR       libbitcoin_consensus.a
  CXX      crypto/crypto_libbitcoin_crypto_base_a-aes.o
  CXX      crypto/crypto_libbitcoin_crypto_base_a-chacha_poly_aead.o
  CXX      crypto/crypto_libbitcoin_crypto_base_a-chacha20.o
  CXX      crypto/crypto_libbitcoin_crypto_base_a-hkdf_sha256_32.o
  CXX      crypto/crypto_libbitcoin_crypto_base_a-hmac_sha256.o
  CXX      crypto/crypto_libbitcoin_crypto_base_a-hmac_sha512.o
  CXX      crypto/crypto_libbitcoin_crypto_base_a-poly1305.o
  CXX      crypto/crypto_libbitcoin_crypto_base_a-ripemd160.o
  CXX      crypto/crypto_libbitcoin_crypto_base_a-scrypt.o
crypto/scrypt.cpp:192:68: warning: ‘no_sanitize’ attribute directive ignored [-Wattributes]
 static inline void xor_salsa8(uint32_t B[16], const uint32_t Bx[16])
                                                                    ^
  CXX      crypto/crypto_libbitcoin_crypto_base_a-scrypt-sse2.o
  CXX      crypto/crypto_libbitcoin_crypto_base_a-sha1.o
  CXX      crypto/crypto_libbitcoin_crypto_base_a-sha256.o
  CXX      crypto/crypto_libbitcoin_crypto_base_a-sha3.o
  CXX      crypto/crypto_libbitcoin_crypto_base_a-sha512.o
  CXX      crypto/crypto_libbitcoin_crypto_base_a-siphash.o
  CXX      libmw/src/crypto/crypto_libbitcoin_crypto_base_a-Hasher.o
  CXX      crypto/crypto_libbitcoin_crypto_base_a-sha256_sse4.o
  AR       crypto/libbitcoin_crypto_base.a
  CXX      crypto/crypto_libbitcoin_crypto_sse41_a-sha256_sse41.o
  AR       crypto/libbitcoin_crypto_sse41.a
  CXX      crypto/crypto_libbitcoin_crypto_avx2_a-sha256_avx2.o
  AR       crypto/libbitcoin_crypto_avx2.a
  CXX      crypto/crypto_libbitcoin_crypto_shani_a-sha256_shani.o
  AR       crypto/libbitcoin_crypto_shani.a
  CXX      leveldb/db/leveldb_libleveldb_a-builder.o
  CXX      leveldb/db/leveldb_libleveldb_a-c.o
  CXX      leveldb/db/leveldb_libleveldb_a-dbformat.o
  CXX      leveldb/db/leveldb_libleveldb_a-db_impl.o
  CXX      leveldb/db/leveldb_libleveldb_a-db_iter.o
  CXX      leveldb/db/leveldb_libleveldb_a-dumpfile.o
  CXX      leveldb/db/leveldb_libleveldb_a-filename.o
  CXX      leveldb/db/leveldb_libleveldb_a-log_reader.o
  CXX      leveldb/db/leveldb_libleveldb_a-log_writer.o
  CXX      leveldb/db/leveldb_libleveldb_a-memtable.o
  CXX      leveldb/db/leveldb_libleveldb_a-repair.o
  CXX      leveldb/db/leveldb_libleveldb_a-table_cache.o
  CXX      leveldb/db/leveldb_libleveldb_a-version_edit.o
  CXX      leveldb/db/leveldb_libleveldb_a-version_set.o
  CXX      leveldb/db/leveldb_libleveldb_a-write_batch.o
  CXX      leveldb/table/leveldb_libleveldb_a-block_builder.o
  CXX      leveldb/table/leveldb_libleveldb_a-block.o
  CXX      leveldb/table/leveldb_libleveldb_a-filter_block.o
  CXX      leveldb/table/leveldb_libleveldb_a-format.o
  CXX      leveldb/table/leveldb_libleveldb_a-iterator.o
  CXX      leveldb/table/leveldb_libleveldb_a-merger.o
  CXX      leveldb/table/leveldb_libleveldb_a-table_builder.o
  CXX      leveldb/table/leveldb_libleveldb_a-table.o
  CXX      leveldb/table/leveldb_libleveldb_a-two_level_iterator.o
  CXX      leveldb/util/leveldb_libleveldb_a-arena.o
  CXX      leveldb/util/leveldb_libleveldb_a-bloom.o
  CXX      leveldb/util/leveldb_libleveldb_a-cache.o
  CXX      leveldb/util/leveldb_libleveldb_a-coding.o
  CXX      leveldb/util/leveldb_libleveldb_a-comparator.o
  CXX      leveldb/util/leveldb_libleveldb_a-crc32c.o
  CXX      leveldb/util/leveldb_libleveldb_a-env.o
  CXX      leveldb/util/leveldb_libleveldb_a-filter_policy.o
  CXX      leveldb/util/leveldb_libleveldb_a-hash.o
  CXX      leveldb/util/leveldb_libleveldb_a-histogram.o
  CXX      leveldb/util/leveldb_libleveldb_a-logging.o
  CXX      leveldb/util/leveldb_libleveldb_a-options.o
  CXX      leveldb/util/leveldb_libleveldb_a-status.o
  CXX      leveldb/util/leveldb_libleveldb_a-env_posix.o
  AR       leveldb/libleveldb.a
  CXX      crc32c/src/crc32c_libcrc32c_a-crc32c.o
  CXX      crc32c/src/crc32c_libcrc32c_a-crc32c_portable.o
  AR       crc32c/libcrc32c.a
  CXX      crc32c/src/crc32c_libcrc32c_sse42_a-crc32c_sse42.o
  AR       crc32c/libcrc32c_sse42.a
  CXX      leveldb/helpers/memenv/leveldb_libmemenv_a-memenv.o
  AR       leveldb/libmemenv.a
  CXX      libmw/src/common/libmw_a-Logger.o
  CXX      libmw/src/crypto/libmw_a-Bulletproofs.o
  CXX      libmw/src/crypto/libmw_a-ConversionUtil.o
  CXX      libmw/src/crypto/libmw_a-MuSig.o
  CXX      libmw/src/crypto/libmw_a-Pedersen.o
  CXX      libmw/src/crypto/libmw_a-PublicKeys.o
  CXX      libmw/src/crypto/libmw_a-Schnorr.o
  CXX      libmw/src/crypto/libmw_a-SecretKeys.o
  CXX      libmw/src/db/libmw_a-CoinDB.o
  CXX      libmw/src/db/libmw_a-LeafDB.o
  CXX      libmw/src/db/libmw_a-MMRInfoDB.o
  CXX      libmw/src/file/libmw_a-File.o
  CXX      libmw/src/mmr/libmw_a-ILeafSet.o
  CXX      libmw/src/mmr/libmw_a-IMMR.o
  CXX      libmw/src/mmr/libmw_a-Index.o
  CXX      libmw/src/mmr/libmw_a-LeafSet.o
  CXX      libmw/src/mmr/libmw_a-LeafSetCache.o
  CXX      libmw/src/mmr/libmw_a-MemMMR.o
  CXX      libmw/src/mmr/libmw_a-MMRUtil.o
  CXX      libmw/src/mmr/libmw_a-PMMRCache.o
  CXX      libmw/src/mmr/libmw_a-PMMR.o
  CXX      libmw/src/mmr/libmw_a-PruneList.o
  CXX      libmw/src/models/block/libmw_a-Block.o
  CXX      libmw/src/models/crypto/libmw_a-Commitment.o
  CXX      libmw/src/models/crypto/libmw_a-PublicKey.o
  CXX      libmw/src/models/tx/libmw_a-Input.o
  CXX      libmw/src/models/tx/libmw_a-Kernel.o
  CXX      libmw/src/models/tx/libmw_a-Output.o
  CXX      libmw/src/models/tx/libmw_a-Transaction.o
  CXX      libmw/src/models/tx/libmw_a-TxBody.o
  CXX      libmw/src/node/libmw_a-BlockValidator.o
  CXX      libmw/src/node/libmw_a-BlockBuilder.o
  CXX      libmw/src/node/libmw_a-CoinsViewCache.o
  CXX      libmw/src/node/libmw_a-CoinsViewDB.o
  CXX      libmw/src/wallet/libmw_a-Keychain.o
  CXX      libmw/src/wallet/libmw_a-TxBuilder.o
  AR       libmw.a
  CXXLD    slugcoind
  CXX      slugcoin_cli-bitcoin-cli.o
  CXX      compat/libbitcoin_cli_a-stdin.o
  CXX      rpc/libbitcoin_cli_a-client.o
  AR       libbitcoin_cli.a
  CXXLD    slugcoin-cli
  CXX      slugcoin_tx-bitcoin-tx.o
  CXXLD    slugcoin-tx
  CXX      slugcoin_wallet-bitcoin-wallet.o
  CXX      wallet/libbitcoin_wallet_tool_a-wallettool.o
  AR       libbitcoin_wallet_tool.a
  CXXLD    slugcoin-wallet
  CXX      test/test_test_slugcoin-main.o
  CXX      wallet/test/test_test_slugcoin-wallet_test_fixture.o
  CXX      wallet/test/test_test_slugcoin-init_test_fixture.o
  CXX      libmw/test/framework/src/test_test_slugcoin-TxBuilder.o
  CXX      libmw/test/framework/src/models/test_test_slugcoin-Tx.o
Generated test/data/script_tests.json.h
Generated test/data/base58_encode_decode.json.h
Generated test/data/blockfilters.json.h
Generated test/data/key_io_valid.json.h
Generated test/data/key_io_invalid.json.h
Generated test/data/sighash.json.h
Generated test/data/tx_invalid.json.h
Generated test/data/tx_valid.json.h
Generated test/data/asmap.raw.h
  CXX      test/test_test_slugcoin-arith_uint256_tests.o
  CXX      test/test_test_slugcoin-addrman_tests.o
  CXX      test/test_test_slugcoin-amount_tests.o
  CXX      test/test_test_slugcoin-allocator_tests.o
  CXX      test/test_test_slugcoin-base32_tests.o
  CXX      test/test_test_slugcoin-base58_tests.o
  CXX      test/test_test_slugcoin-base64_tests.o
  CXX      test/test_test_slugcoin-bech32_tests.o
  CXX      test/test_test_slugcoin-bip32_tests.o
  CXX      test/test_test_slugcoin-blockchain_tests.o
  CXX      test/test_test_slugcoin-blockfilter_tests.o
  CXX      test/test_test_slugcoin-blockfilter_index_tests.o
  CXX      test/test_test_slugcoin-bloom_tests.o
  CXX      test/test_test_slugcoin-bswap_tests.o
  CXX      test/test_test_slugcoin-checkqueue_tests.o
  CXX      test/test_test_slugcoin-coins_tests.o
  CXX      test/test_test_slugcoin-compilerbug_tests.o
  CXX      test/test_test_slugcoin-compress_tests.o
  CXX      test/test_test_slugcoin-crypto_tests.o
  CXX      test/test_test_slugcoin-cuckoocache_tests.o
  CXX      test/test_test_slugcoin-denialofservice_tests.o
  CXX      test/test_test_slugcoin-descriptor_tests.o
  CXX      test/test_test_slugcoin-flatfile_tests.o
  CXX      test/test_test_slugcoin-fs_tests.o
  CXX      test/test_test_slugcoin-getarg_tests.o
  CXX      test/test_test_slugcoin-hash_tests.o
  CXX      test/test_test_slugcoin-interfaces_tests.o
  CXX      test/test_test_slugcoin-key_io_tests.o
  CXX      test/test_test_slugcoin-key_tests.o
  CXX      test/test_test_slugcoin-logging_tests.o
  CXX      test/test_test_slugcoin-dbwrapper_tests.o
  CXX      test/test_test_slugcoin-validation_tests.o
  CXX      test/test_test_slugcoin-mempool_tests.o
  CXX      test/test_test_slugcoin-merkle_tests.o
  CXX      test/test_test_slugcoin-merkleblock_tests.o
  CXX      test/test_test_slugcoin-miner_tests.o
  CXX      test/test_test_slugcoin-multisig_tests.o
  CXX      test/test_test_slugcoin-net_tests.o
  CXX      test/test_test_slugcoin-netbase_tests.o
  CXX      test/test_test_slugcoin-pmt_tests.o
  CXX      test/test_test_slugcoin-policy_fee_tests.o
  CXX      test/test_test_slugcoin-policyestimator_tests.o
  CXX      test/test_test_slugcoin-pow_tests.o
  CXX      test/test_test_slugcoin-prevector_tests.o
  CXX      test/test_test_slugcoin-raii_event_tests.o
  CXX      test/test_test_slugcoin-random_tests.o
  CXX      test/test_test_slugcoin-ref_tests.o
  CXX      test/test_test_slugcoin-reverselock_tests.o
  CXX      test/test_test_slugcoin-rpc_tests.o
  CXX      test/test_test_slugcoin-sanity_tests.o
  CXX      test/test_test_slugcoin-scheduler_tests.o
  CXX      test/test_test_slugcoin-script_p2sh_tests.o
  CXX      test/test_test_slugcoin-script_tests.o
  CXX      test/test_test_slugcoin-script_standard_tests.o
  CXX      test/test_test_slugcoin-scriptnum_tests.o
  CXX      test/test_test_slugcoin-scrypt_tests.o
  CXX      test/test_test_slugcoin-serialize_tests.o
  CXX      test/test_test_slugcoin-settings_tests.o
  CXX      test/test_test_slugcoin-sighash_tests.o
  CXX      test/test_test_slugcoin-sigopcount_tests.o
  CXX      test/test_test_slugcoin-skiplist_tests.o
  CXX      test/test_test_slugcoin-streams_tests.o
  CXX      test/test_test_slugcoin-sync_tests.o
  CXX      test/test_test_slugcoin-system_tests.o
  CXX      test/test_test_slugcoin-util_threadnames_tests.o
  CXX      test/test_test_slugcoin-timedata_tests.o
  CXX      test/test_test_slugcoin-torcontrol_tests.o
  CXX      test/test_test_slugcoin-transaction_tests.o
  CXX      test/test_test_slugcoin-txindex_tests.o
  CXX      test/test_test_slugcoin-txrequest_tests.o
  CXX      test/test_test_slugcoin-txvalidation_tests.o
  CXX      test/test_test_slugcoin-txvalidationcache_tests.o
  CXX      test/test_test_slugcoin-uint256_tests.o
  CXX      test/test_test_slugcoin-util_tests.o
  CXX      test/test_test_slugcoin-validation_block_tests.o
  CXX      test/test_test_slugcoin-validation_chainstate_tests.o
  CXX      test/test_test_slugcoin-validation_chainstatemanager_tests.o
  CXX      test/test_test_slugcoin-validation_flush_tests.o
  CXX      test/test_test_slugcoin-validationinterface_tests.o
  CXX      test/test_test_slugcoin-versionbits_tests.o
  CXX      wallet/test/test_test_slugcoin-db_tests.o
  CXX      wallet/test/test_test_slugcoin-psbt_wallet_tests.o
  CXX      wallet/test/test_test_slugcoin-wallet_tests.o
  CXX      wallet/test/test_test_slugcoin-wallet_crypto_tests.o
  CXX      wallet/test/test_test_slugcoin-coinselector_tests.o
  CXX      wallet/test/test_test_slugcoin-init_tests.o
  CXX      wallet/test/test_test_slugcoin-ismine_tests.o
  CXX      wallet/test/test_test_slugcoin-scriptpubkeyman_tests.o
  CXX      libmw/test/tests/consensus/test_test_slugcoin-Test_Aggregation.o
  CXX      libmw/test/tests/consensus/test_test_slugcoin-Test_KernelSumValidator.o
  CXX      libmw/test/tests/consensus/test_test_slugcoin-Test_StealthSumValidator.o
  CXX      libmw/test/tests/consensus/test_test_slugcoin-Test_Weight.o
  CXX      libmw/test/tests/crypto/test_test_slugcoin-Test_AddCommitments.o
  CXX      libmw/test/tests/crypto/test_test_slugcoin-Test_AggSig.o
  CXX      libmw/test/tests/crypto/test_test_slugcoin-Test_Keys.o
  CXX      libmw/test/tests/crypto/test_test_slugcoin-Test_RangeProofs.o
  CXX      libmw/test/tests/db/test_test_slugcoin-Test_LeafDB.o
  CXX      libmw/test/tests/mmr/test_test_slugcoin-Test_Index.o
  CXX      libmw/test/tests/mmr/test_test_slugcoin-Test_LeafIndex.o
  CXX      libmw/test/tests/mmr/test_test_slugcoin-Test_LeafSetCache.o
  CXX      libmw/test/tests/mmr/test_test_slugcoin-Test_LeafSet.o
  CXX      libmw/test/tests/mmr/test_test_slugcoin-Test_MMR.o
  CXX      libmw/test/tests/mmr/test_test_slugcoin-Test_MMRUtil.o
  CXX      libmw/test/tests/mmr/test_test_slugcoin-Test_PruneList.o
  CXX      libmw/test/tests/models/block/test_test_slugcoin-Test_Block.o
  CXX      libmw/test/tests/models/block/test_test_slugcoin-Test_Header.o
  CXX      libmw/test/tests/models/crypto/test_test_slugcoin-Test_BigInteger.o
  CXX      libmw/test/tests/models/tx/test_test_slugcoin-Test_Input.o
  CXX      libmw/test/tests/models/tx/test_test_slugcoin-Test_Kernel.o
  CXX      libmw/test/tests/models/tx/test_test_slugcoin-Test_Output.o
  CXX      libmw/test/tests/models/tx/test_test_slugcoin-Test_PegInCoin.o
  CXX      libmw/test/tests/models/tx/test_test_slugcoin-Test_PegOutCoin.o
  CXX      libmw/test/tests/models/tx/test_test_slugcoin-Test_Transaction.o
  CXX      libmw/test/tests/models/tx/test_test_slugcoin-Test_TxBody.o
  CXX      libmw/test/tests/models/tx/test_test_slugcoin-Test_UTXO.o
  CXX      libmw/test/tests/node/test_test_slugcoin-Test_BlockBuilder.o
  CXX      libmw/test/tests/node/test_test_slugcoin-Test_BlockValidator.o
  CXX      libmw/test/tests/node/test_test_slugcoin-Test_CoinsView.o
  CXX      libmw/test/tests/node/test_test_slugcoin-Test_MineChain.o
  CXX      libmw/test/tests/node/test_test_slugcoin-Test_Reorg.o
  CXX      libmw/test/tests/wallet/test_test_slugcoin-Test_Keychain.o
  CXX      test/util/libtest_util_a-blockfilter.o
  CXX      test/util/libtest_util_a-logging.o
  CXX      test/util/libtest_util_a-mining.o
  CXX      test/util/libtest_util_a-net.o
  CXX      test/util/libtest_util_a-setup_common.o
  CXX      test/util/libtest_util_a-str.o
  CXX      test/util/libtest_util_a-transaction_utils.o
  CXX      test/util/libtest_util_a-validation.o
  CXX      test/util/libtest_util_a-wallet.o
  AR       libtest_util.a
  CXXLD    test/test_slugcoin
  CXX      bench/bench_bench_slugcoin-addrman.o
  CXX      bench/bench_bench_slugcoin-bench_bitcoin.o
  CXX      bench/bench_bench_slugcoin-bench.o
  CXX      bench/bench_bench_slugcoin-block_assemble.o
  CXX      bench/bench_bench_slugcoin-checkblock.o
  CXX      bench/bench_bench_slugcoin-checkqueue.o
Generated bench/data/block413567.raw.h
  CXX      bench/bench_bench_slugcoin-data.o
  CXX      bench/bench_bench_slugcoin-duplicate_inputs.o
  CXX      bench/bench_bench_slugcoin-examples.o
  CXX      bench/bench_bench_slugcoin-rollingbloom.o
  CXX      bench/bench_bench_slugcoin-chacha20.o
  CXX      bench/bench_bench_slugcoin-chacha_poly_aead.o
  CXX      bench/bench_bench_slugcoin-crypto_hash.o
  CXX      bench/bench_bench_slugcoin-ccoins_caching.o
  CXX      bench/bench_bench_slugcoin-gcs_filter.o
  CXX      bench/bench_bench_slugcoin-hashpadding.o
  CXX      bench/bench_bench_slugcoin-merkle_root.o
  CXX      bench/bench_bench_slugcoin-mempool_eviction.o
  CXX      bench/bench_bench_slugcoin-mempool_stress.o
  CXX      bench/bench_bench_slugcoin-nanobench.o
  CXX      bench/bench_bench_slugcoin-rpc_blockchain.o
  CXX      bench/bench_bench_slugcoin-rpc_mempool.o
  CXX      bench/bench_bench_slugcoin-util_time.o
  CXX      bench/bench_bench_slugcoin-verify_script.o
  CXX      bench/bench_bench_slugcoin-base58.o
  CXX      bench/bench_bench_slugcoin-bech32.o
  CXX      bench/bench_bench_slugcoin-lockedpool.o
  CXX      bench/bench_bench_slugcoin-poly1305.o
  CXX      bench/bench_bench_slugcoin-prevector.o
  CXX      bench/bench_bench_slugcoin-coin_selection.o
  CXX      bench/bench_bench_slugcoin-wallet_balance.o
  CXXLD    bench/bench_slugcoin
  CXX      qt/qt_slugcoin_qt-main.o
  GEN      qt/forms/ui_addressbookpage.h
  GEN      qt/forms/ui_askpassphrasedialog.h
  GEN      qt/forms/ui_coincontroldialog.h
  GEN      qt/forms/ui_createwalletdialog.h
  GEN      qt/forms/ui_editaddressdialog.h
  GEN      qt/forms/ui_helpmessagedialog.h
  GEN      qt/forms/ui_intro.h
  GEN      qt/forms/ui_modaloverlay.h
  GEN      qt/forms/ui_openuridialog.h
  GEN      qt/forms/ui_optionsdialog.h
  GEN      qt/forms/ui_overviewpage.h
  GEN      qt/forms/ui_psbtoperationsdialog.h
  GEN      qt/forms/ui_receivecoinsdialog.h
  GEN      qt/forms/ui_receiverequestdialog.h
  GEN      qt/forms/ui_debugwindow.h
  GEN      qt/forms/ui_sendcoinsdialog.h
  GEN      qt/forms/ui_sendcoinsentry.h
  GEN      qt/forms/ui_signverifymessagedialog.h
  GEN      qt/forms/ui_transactiondescdialog.h
  GEN      qt/bitcoinamountfield.moc
  GEN      qt/intro.moc
  GEN      qt/overviewpage.moc
  GEN      qt/rpcconsole.moc
  CXX      qt/qt_libbitcoinqt_a-bantablemodel.o
  CXX      qt/qt_libbitcoinqt_a-bitcoin.o
  CXX      qt/qt_libbitcoinqt_a-bitcoinaddressvalidator.o
  CXX      qt/qt_libbitcoinqt_a-bitcoinamountfield.o
  CXX      qt/qt_libbitcoinqt_a-bitcoingui.o
  CXX      qt/qt_libbitcoinqt_a-bitcoinunits.o
  CXX      qt/qt_libbitcoinqt_a-clientmodel.o
  CXX      qt/qt_libbitcoinqt_a-csvmodelwriter.o
  CXX      qt/qt_libbitcoinqt_a-guiutil.o
  CXX      qt/qt_libbitcoinqt_a-intro.o
  CXX      qt/qt_libbitcoinqt_a-modaloverlay.o
  CXX      qt/qt_libbitcoinqt_a-networkstyle.o
  CXX      qt/qt_libbitcoinqt_a-notificator.o
  CXX      qt/qt_libbitcoinqt_a-optionsdialog.o
  CXX      qt/qt_libbitcoinqt_a-optionsmodel.o
  CXX      qt/qt_libbitcoinqt_a-peertablemodel.o
  CXX      qt/qt_libbitcoinqt_a-platformstyle.o
  CXX      qt/qt_libbitcoinqt_a-qvalidatedlineedit.o
  CXX      qt/qt_libbitcoinqt_a-qvaluecombobox.o
  CXX      qt/qt_libbitcoinqt_a-rpcconsole.o
  CXX      qt/qt_libbitcoinqt_a-splashscreen.o
  CXX      qt/qt_libbitcoinqt_a-trafficgraphwidget.o
  CXX      qt/qt_libbitcoinqt_a-utilitydialog.o
  CXX      qt/qt_libbitcoinqt_a-addressbookpage.o
  CXX      qt/qt_libbitcoinqt_a-addresstablemodel.o
  CXX      qt/qt_libbitcoinqt_a-askpassphrasedialog.o
  CXX      qt/qt_libbitcoinqt_a-coincontroldialog.o
  CXX      qt/qt_libbitcoinqt_a-coincontroltreewidget.o
  CXX      qt/qt_libbitcoinqt_a-createwalletdialog.o
  CXX      qt/qt_libbitcoinqt_a-editaddressdialog.o
  CXX      qt/qt_libbitcoinqt_a-openuridialog.o
  CXX      qt/qt_libbitcoinqt_a-overviewpage.o
  CXX      qt/qt_libbitcoinqt_a-paymentserver.o
  CXX      qt/qt_libbitcoinqt_a-psbtoperationsdialog.o
  CXX      qt/qt_libbitcoinqt_a-qrimagewidget.o
  CXX      qt/qt_libbitcoinqt_a-receivecoinsdialog.o
  CXX      qt/qt_libbitcoinqt_a-receiverequestdialog.o
  CXX      qt/qt_libbitcoinqt_a-recentrequeststablemodel.o
  CXX      qt/qt_libbitcoinqt_a-sendcoinsdialog.o
  CXX      qt/qt_libbitcoinqt_a-sendcoinsentry.o
  CXX      qt/qt_libbitcoinqt_a-signverifymessagedialog.o
  CXX      qt/qt_libbitcoinqt_a-transactiondesc.o
  CXX      qt/qt_libbitcoinqt_a-transactiondescdialog.o
  CXX      qt/qt_libbitcoinqt_a-transactionfilterproxy.o
  CXX      qt/qt_libbitcoinqt_a-transactiontablemodel.o
  CXX      qt/qt_libbitcoinqt_a-transactionview.o
  CXX      qt/qt_libbitcoinqt_a-walletcontroller.o
  CXX      qt/qt_libbitcoinqt_a-walletframe.o
  CXX      qt/qt_libbitcoinqt_a-walletmodel.o
  CXX      qt/qt_libbitcoinqt_a-walletmodeltransaction.o
  CXX      qt/qt_libbitcoinqt_a-walletview.o
  GEN      qt/moc_addressbookpage.cpp
  CXX      qt/qt_libbitcoinqt_a-moc_addressbookpage.o
  GEN      qt/moc_addresstablemodel.cpp
  CXX      qt/qt_libbitcoinqt_a-moc_addresstablemodel.o
  GEN      qt/moc_askpassphrasedialog.cpp
  CXX      qt/qt_libbitcoinqt_a-moc_askpassphrasedialog.o
  GEN      qt/moc_createwalletdialog.cpp
  CXX      qt/qt_libbitcoinqt_a-moc_createwalletdialog.o
  GEN      qt/moc_bantablemodel.cpp
  CXX      qt/qt_libbitcoinqt_a-moc_bantablemodel.o
  GEN      qt/moc_bitcoinaddressvalidator.cpp
  CXX      qt/qt_libbitcoinqt_a-moc_bitcoinaddressvalidator.o
  GEN      qt/moc_bitcoinamountfield.cpp
  CXX      qt/qt_libbitcoinqt_a-moc_bitcoinamountfield.o
  GEN      qt/moc_bitcoin.cpp
  CXX      qt/qt_libbitcoinqt_a-moc_bitcoin.o
  GEN      qt/moc_bitcoingui.cpp
  CXX      qt/qt_libbitcoinqt_a-moc_bitcoingui.o
  GEN      qt/moc_bitcoinunits.cpp
  CXX      qt/qt_libbitcoinqt_a-moc_bitcoinunits.o
  GEN      qt/moc_clientmodel.cpp
  CXX      qt/qt_libbitcoinqt_a-moc_clientmodel.o
  GEN      qt/moc_coincontroldialog.cpp
  CXX      qt/qt_libbitcoinqt_a-moc_coincontroldialog.o
  GEN      qt/moc_coincontroltreewidget.cpp
  CXX      qt/qt_libbitcoinqt_a-moc_coincontroltreewidget.o
  GEN      qt/moc_csvmodelwriter.cpp
  CXX      qt/qt_libbitcoinqt_a-moc_csvmodelwriter.o
  GEN      qt/moc_editaddressdialog.cpp
  CXX      qt/qt_libbitcoinqt_a-moc_editaddressdialog.o
  GEN      qt/moc_guiutil.cpp
  CXX      qt/qt_libbitcoinqt_a-moc_guiutil.o
  GEN      qt/moc_intro.cpp
  CXX      qt/qt_libbitcoinqt_a-moc_intro.o
  GEN      qt/moc_macdockiconhandler.cpp
  CXX      qt/qt_libbitcoinqt_a-moc_macdockiconhandler.o
  GEN      qt/moc_macnotificationhandler.cpp
  CXX      qt/qt_libbitcoinqt_a-moc_macnotificationhandler.o
  GEN      qt/moc_modaloverlay.cpp
  CXX      qt/qt_libbitcoinqt_a-moc_modaloverlay.o
  GEN      qt/moc_notificator.cpp
  CXX      qt/qt_libbitcoinqt_a-moc_notificator.o
  GEN      qt/moc_openuridialog.cpp
  CXX      qt/qt_libbitcoinqt_a-moc_openuridialog.o
  GEN      qt/moc_optionsdialog.cpp
  CXX      qt/qt_libbitcoinqt_a-moc_optionsdialog.o
  GEN      qt/moc_optionsmodel.cpp
  CXX      qt/qt_libbitcoinqt_a-moc_optionsmodel.o
  GEN      qt/moc_overviewpage.cpp
  CXX      qt/qt_libbitcoinqt_a-moc_overviewpage.o
  GEN      qt/moc_peertablemodel.cpp
  CXX      qt/qt_libbitcoinqt_a-moc_peertablemodel.o
  GEN      qt/moc_paymentserver.cpp
  CXX      qt/qt_libbitcoinqt_a-moc_paymentserver.o
  GEN      qt/moc_psbtoperationsdialog.cpp
  CXX      qt/qt_libbitcoinqt_a-moc_psbtoperationsdialog.o
  GEN      qt/moc_qrimagewidget.cpp
  CXX      qt/qt_libbitcoinqt_a-moc_qrimagewidget.o
  GEN      qt/moc_qvalidatedlineedit.cpp
  CXX      qt/qt_libbitcoinqt_a-moc_qvalidatedlineedit.o
  GEN      qt/moc_qvaluecombobox.cpp
  CXX      qt/qt_libbitcoinqt_a-moc_qvaluecombobox.o
  GEN      qt/moc_receivecoinsdialog.cpp
  CXX      qt/qt_libbitcoinqt_a-moc_receivecoinsdialog.o
  GEN      qt/moc_receiverequestdialog.cpp
  CXX      qt/qt_libbitcoinqt_a-moc_receiverequestdialog.o
  GEN      qt/moc_recentrequeststablemodel.cpp
  CXX      qt/qt_libbitcoinqt_a-moc_recentrequeststablemodel.o
  GEN      qt/moc_rpcconsole.cpp
  CXX      qt/qt_libbitcoinqt_a-moc_rpcconsole.o
  GEN      qt/moc_sendcoinsdialog.cpp
  CXX      qt/qt_libbitcoinqt_a-moc_sendcoinsdialog.o
  GEN      qt/moc_sendcoinsentry.cpp
  CXX      qt/qt_libbitcoinqt_a-moc_sendcoinsentry.o
  GEN      qt/moc_signverifymessagedialog.cpp
  CXX      qt/qt_libbitcoinqt_a-moc_signverifymessagedialog.o
  GEN      qt/moc_splashscreen.cpp
  CXX      qt/qt_libbitcoinqt_a-moc_splashscreen.o
  GEN      qt/moc_trafficgraphwidget.cpp
  CXX      qt/qt_libbitcoinqt_a-moc_trafficgraphwidget.o
  GEN      qt/moc_transactiondesc.cpp
  CXX      qt/qt_libbitcoinqt_a-moc_transactiondesc.o
  GEN      qt/moc_transactiondescdialog.cpp
  CXX      qt/qt_libbitcoinqt_a-moc_transactiondescdialog.o
  GEN      qt/moc_transactionfilterproxy.cpp
  CXX      qt/qt_libbitcoinqt_a-moc_transactionfilterproxy.o
  GEN      qt/moc_transactionoverviewwidget.cpp
  CXX      qt/qt_libbitcoinqt_a-moc_transactionoverviewwidget.o
  GEN      qt/moc_transactiontablemodel.cpp
  CXX      qt/qt_libbitcoinqt_a-moc_transactiontablemodel.o
  GEN      qt/moc_transactionview.cpp
  CXX      qt/qt_libbitcoinqt_a-moc_transactionview.o
  GEN      qt/moc_utilitydialog.cpp
  CXX      qt/qt_libbitcoinqt_a-moc_utilitydialog.o
  GEN      qt/moc_walletcontroller.cpp
  CXX      qt/qt_libbitcoinqt_a-moc_walletcontroller.o
  GEN      qt/moc_walletframe.cpp
  CXX      qt/qt_libbitcoinqt_a-moc_walletframe.o
  GEN      qt/moc_walletmodel.cpp
  CXX      qt/qt_libbitcoinqt_a-moc_walletmodel.o
  GEN      qt/moc_walletview.cpp
  CXX      qt/qt_libbitcoinqt_a-moc_walletview.o
make[2]: *** No rule to make target 'qt/res/icons/slugcoin_splash.png', needed by 'qt/qrc_bitcoin.cpp'.  Stop.
make[2]: Leaving directory '/home/CarterBloop/slugcoin/src'
Makefile:20684: recipe for target 'all-recursive' failed
make[1]: *** [all-recursive] Error 1
make[1]: Leaving directory '/home/CarterBloop/slugcoin/src'
Makefile:811: recipe for target 'all-recursive' failed
make: *** [all-recursive] Error 1
